#
# There is insufficient memory for the Java Runtime Environment to continue.
# Native memory allocation (malloc) failed to allocate 32744 bytes for ChunkPool::allocate
# Possible reasons:
#   The system is out of physical RAM or swap space
#   In 32 bit mode, the process size limit was hit
# Possible solutions:
#   Reduce memory load on the system
#   Increase physical memory or swap space
#   Check if swap backing store is full
#   Use 64 bit Java on a 64 bit OS
#   Decrease Java heap size (-Xmx/-Xms)
#   Decrease number of Java threads
#   Decrease Java thread stack sizes (-Xss)
#   Set larger code cache with -XX:ReservedCodeCacheSize=
# This output file may be truncated or incomplete.
#
#  Out of Memory Error (allocation.cpp:273), pid=47736, tid=47876
#
# JRE version: Java(TM) SE Runtime Environment (8.0_25-b18) (build 1.8.0_25-b18)
# Java VM: Java HotSpot(TM) 64-Bit Server VM (25.25-b02 mixed mode windows-amd64 compressed oops)
# Failed to write core dump. Minidumps are not enabled by default on client versions of Windows
#

---------------  T H R E A D  ---------------

Current thread (0x000000001ad32000):  JavaThread "C1 CompilerThread2" daemon [_thread_in_native, id=47876, stack(0x000000001b480000,0x000000001b580000)]

Stack: [0x000000001b480000,0x000000001b580000]
Native frames: (J=compiled Java code, j=interpreted, Vv=VM code, C=native code)
V  [jvm.dll+0x31667a]


Current CompileTask:
C1:  12138 4534   !   2      
[error occurred during error reporting (printing current compile task), id 0xe0000001]


---------------  P R O C E S S  ---------------

Java Threads: ( => current thread )
  0x000000001e89f000 JavaThread "container-0" [_thread_blocked, id=48032, stack(0x0000000022ae0000,0x0000000022be0000)]
  0x0000000021516000 JavaThread "ContainerBackgroundProcessor[StandardEngine[Tomcat].StandardHost[localhost].StandardContext[]]" daemon [_thread_blocked, id=48028, stack(0x00000000229e0000,0x0000000022ae0000)]
  0x000000001bccb000 JavaThread "SimpleHostRoutingFilter.connectionManagerTimer" daemon [_thread_blocked, id=48020, stack(0x0000000020e90000,0x0000000020f90000)]
  0x000000001c8fd000 JavaThread "spring.cloud.inetutils" daemon [_thread_blocked, id=48016, stack(0x000000001f210000,0x000000001f310000)]
  0x000000001bc95000 JavaThread "localhost-startStop-1" daemon [_thread_blocked, id=48008, stack(0x0000000022460000,0x0000000022560000)]
  0x000000001f93f000 JavaThread "Tomcat-startStop-1" daemon [_thread_blocked, id=48004, stack(0x0000000022220000,0x0000000022320000)]
  0x000000001bc4d000 JavaThread "Monitor Ctrl-Break" daemon [_thread_in_native, id=47888, stack(0x000000001c450000,0x000000001c550000)]
  0x000000001ad9f800 JavaThread "Service Thread" daemon [_thread_blocked, id=47880, stack(0x000000001b6a0000,0x000000001b7a0000)]
=>0x000000001ad32000 JavaThread "C1 CompilerThread2" daemon [_thread_in_native, id=47876, stack(0x000000001b480000,0x000000001b580000)]
  0x000000001ad30800 JavaThread "C2 CompilerThread1" daemon [_thread_in_native, id=47872, stack(0x000000001b360000,0x000000001b460000)]
  0x000000001ad2b000 JavaThread "C2 CompilerThread0" daemon [_thread_in_native, id=47868, stack(0x000000001b110000,0x000000001b210000)]
  0x000000001ad2a000 JavaThread "Attach Listener" daemon [_thread_blocked, id=47864, stack(0x000000001b240000,0x000000001b340000)]
  0x000000001ad1b000 JavaThread "Signal Dispatcher" daemon [_thread_blocked, id=47860, stack(0x000000001ab10000,0x000000001ac10000)]
  0x0000000019875800 JavaThread "Finalizer" daemon [_thread_blocked, id=47828, stack(0x000000001ac10000,0x000000001ad10000)]
  0x0000000019872000 JavaThread "Reference Handler" daemon [_thread_blocked, id=47824, stack(0x000000001a930000,0x000000001aa30000)]
  0x000000000231d000 JavaThread "main" [_thread_in_Java, id=47772, stack(0x0000000002660000,0x0000000002760000)]

Other Threads:
  0x000000001986c000 VMThread [stack: 0x000000001a830000,0x000000001a930000] [id=47820]
  0x000000001ada4800 WatcherThread [stack: 0x000000001b8b0000,0x000000001b9b0000] [id=47884]

VM state:not at safepoint (normal execution)

VM Mutex/Monitor currently owned by a thread: None

Heap:
 PSYoungGen      total 407552K, used 82598K [0x0000000781980000, 0x00000007a2e00000, 0x00000007c0000000)
  eden space 385024K, 21% used [0x0000000781980000,0x0000000786a29b20,0x0000000799180000)
  from space 22528K, 0% used [0x00000007a1800000,0x00000007a1800000,0x00000007a2e00000)
  to   space 16896K, 0% used [0x0000000799180000,0x0000000799180000,0x000000079a200000)
 ParOldGen       total 140288K, used 25950K [0x0000000704c00000, 0x000000070d500000, 0x0000000781980000)
  object space 140288K, 18% used [0x0000000704c00000,0x0000000706557af8,0x000000070d500000)
 Metaspace       used 36956K, capacity 37338K, committed 37760K, reserved 1083392K
  class space    used 4629K, capacity 4701K, committed 4736K, reserved 1048576K

Card table byte_map: [0x0000000011b20000,0x0000000012100000] byte_map_base: 0x000000000e2fa000

Marking Bits: (ParMarkBitMap*) 0x0000000077f7d490
 Begin Bits: [0x0000000012b60000, 0x0000000015a30000)
 End Bits:   [0x0000000015a30000, 0x0000000018900000)

Polling page: 0x0000000000230000

CodeCache: size=245760Kb used=13457Kb max_used=14092Kb free=232302Kb
 bounds [0x0000000002760000, 0x0000000003540000, 0x0000000011760000]
 total_blobs=4257 nmethods=3851 adapters=318
 compilation: enabled

Compilation events (10 events):
Event: 12.088 Thread 0x000000001ad32000 nmethod 4529 0x0000000002cd1ed0 code [0x0000000002cd2040, 0x0000000002cd22b8]
Event: 12.088 Thread 0x000000001ad32000 4531       2       java.util.concurrent.ConcurrentHashMap$EntryIterator::<init> (12 bytes)
Event: 12.088 Thread 0x000000001ad32000 nmethod 4531 0x00000000031a18d0 code [0x00000000031a1a40, 0x00000000031a1bf8]
Event: 12.088 Thread 0x000000001ad32000 4530       2       org.springframework.beans.factory.support.AbstractBeanFactory::getAliases (209 bytes)
Event: 12.091 Thread 0x000000001ad32000 nmethod 4530 0x0000000002dc5d50 code [0x0000000002dc6000, 0x0000000002dc6dd8]
Event: 12.091 Thread 0x000000001ad32000 4532   !   2       org.springframework.core.SimpleAliasRegistry::getAliases (38 bytes)
Event: 12.091 Thread 0x000000001ad32000 nmethod 4532 0x000000000310b1d0 code [0x000000000310b360, 0x000000000310b7d8]
Event: 12.091 Thread 0x000000001ad32000 4533       2       org.springframework.core.SimpleAliasRegistry::retrieveAliases (88 bytes)
Event: 12.092 Thread 0x000000001ad32000 nmethod 4533 0x0000000003330b90 code [0x0000000003330d80, 0x0000000003331188]
Event: 12.118 Thread 0x000000001ad32000 4534   !   2       org.springframework.beans.factory.support.ConstructorResolver::instantiateUsingFactoryMethod (1484 bytes)

GC Heap History (10 events):
Event: 4.954 GC heap before
{Heap before GC invocations=6 (full 1):
 PSYoungGen      total 202240K, used 7662K [0x0000000781980000, 0x000000079b280000, 0x00000007c0000000)
  eden space 194560K, 0% used [0x0000000781980000,0x0000000781980000,0x000000078d780000)
  from space 7680K, 99% used [0x000000078d780000,0x000000078defba80,0x000000078df00000)
  to   space 14848K, 0% used [0x000000079a400000,0x000000079a400000,0x000000079b280000)
 ParOldGen       total 128512K, used 13226K [0x0000000704c00000, 0x000000070c980000, 0x0000000781980000)
  object space 128512K, 10% used [0x0000000704c00000,0x00000007058ea930,0x000000070c980000)
 Metaspace       used 20897K, capacity 21216K, committed 21296K, reserved 1069056K
  class space    used 2589K, capacity 2666K, committed 2688K, reserved 1048576K
Event: 5.016 GC heap after
Heap after GC invocations=6 (full 1):
 PSYoungGen      total 202240K, used 0K [0x0000000781980000, 0x000000079b280000, 0x00000007c0000000)
  eden space 194560K, 0% used [0x0000000781980000,0x0000000781980000,0x000000078d780000)
  from space 7680K, 0% used [0x000000078d780000,0x000000078d780000,0x000000078df00000)
  to   space 14848K, 0% used [0x000000079a400000,0x000000079a400000,0x000000079b280000)
 ParOldGen       total 85504K, used 12228K [0x0000000704c00000, 0x0000000709f80000, 0x0000000781980000)
  object space 85504K, 14% used [0x0000000704c00000,0x00000007057f1240,0x0000000709f80000)
 Metaspace       used 20897K, capacity 21216K, committed 21296K, reserved 1069056K
  class space    used 2589K, capacity 2666K, committed 2688K, reserved 1048576K
}
Event: 7.657 GC heap before
{Heap before GC invocations=7 (full 1):
 PSYoungGen      total 202240K, used 194560K [0x0000000781980000, 0x000000079b280000, 0x00000007c0000000)
  eden space 194560K, 100% used [0x0000000781980000,0x000000078d780000,0x000000078d780000)
  from space 7680K, 0% used [0x000000078d780000,0x000000078d780000,0x000000078df00000)
  to   space 14848K, 0% used [0x000000079a400000,0x000000079a400000,0x000000079b280000)
 ParOldGen       total 85504K, used 12228K [0x0000000704c00000, 0x0000000709f80000, 0x0000000781980000)
  object space 85504K, 14% used [0x0000000704c00000,0x00000007057f1240,0x0000000709f80000)
 Metaspace       used 29069K, capacity 29434K, committed 29824K, reserved 1075200K
  class space    used 3563K, capacity 3641K, committed 3712K, reserved 1048576K
Event: 7.677 GC heap after
Heap after GC invocations=7 (full 1):
 PSYoungGen      total 323584K, used 14843K [0x0000000781980000, 0x000000079b280000, 0x00000007c0000000)
  eden space 308736K, 0% used [0x0000000781980000,0x0000000781980000,0x0000000794700000)
  from space 14848K, 99% used [0x000000079a400000,0x000000079b27ef70,0x000000079b280000)
  to   space 16896K, 0% used [0x0000000799180000,0x0000000799180000,0x000000079a200000)
 ParOldGen       total 85504K, used 12813K [0x0000000704c00000, 0x0000000709f80000, 0x0000000781980000)
  object space 85504K, 14% used [0x0000000704c00000,0x00000007058837e0,0x0000000709f80000)
 Metaspace       used 29069K, capacity 29434K, committed 29824K, reserved 1075200K
  class space    used 3563K, capacity 3641K, committed 3712K, reserved 1048576K
}
Event: 10.289 GC heap before
{Heap before GC invocations=8 (full 1):
 PSYoungGen      total 323584K, used 323579K [0x0000000781980000, 0x000000079b280000, 0x00000007c0000000)
  eden space 308736K, 100% used [0x0000000781980000,0x0000000794700000,0x0000000794700000)
  from space 14848K, 99% used [0x000000079a400000,0x000000079b27ef70,0x000000079b280000)
  to   space 16896K, 0% used [0x0000000799180000,0x0000000799180000,0x000000079a200000)
 ParOldGen       total 85504K, used 12813K [0x0000000704c00000, 0x0000000709f80000, 0x0000000781980000)
  object space 85504K, 14% used [0x0000000704c00000,0x00000007058837e0,0x0000000709f80000)
 Metaspace       used 33997K, capacity 34356K, committed 34816K, reserved 1079296K
  class space    used 4229K, capacity 4294K, committed 4352K, reserved 1048576K
Event: 10.364 GC heap after
Heap after GC invocations=8 (full 1):
 PSYoungGen      total 401920K, used 16886K [0x0000000781980000, 0x00000007a2e00000, 0x00000007c0000000)
  eden space 385024K, 0% used [0x0000000781980000,0x0000000781980000,0x0000000799180000)
  from space 16896K, 99% used [0x0000000799180000,0x000000079a1fdb10,0x000000079a200000)
  to   space 22528K, 0% used [0x00000007a1800000,0x00000007a1800000,0x00000007a2e00000)
 ParOldGen       total 85504K, used 19233K [0x0000000704c00000, 0x0000000709f80000, 0x0000000781980000)
  object space 85504K, 22% used [0x0000000704c00000,0x0000000705ec8460,0x0000000709f80000)
 Metaspace       used 33997K, capacity 34356K, committed 34816K, reserved 1079296K
  class space    used 4229K, capacity 4294K, committed 4352K, reserved 1048576K
}
Event: 10.964 GC heap before
{Heap before GC invocations=9 (full 1):
 PSYoungGen      total 401920K, used 103323K [0x0000000781980000, 0x00000007a2e00000, 0x00000007c0000000)
  eden space 385024K, 22% used [0x0000000781980000,0x0000000786de9210,0x0000000799180000)
  from space 16896K, 99% used [0x0000000799180000,0x000000079a1fdb10,0x000000079a200000)
  to   space 22528K, 0% used [0x00000007a1800000,0x00000007a1800000,0x00000007a2e00000)
 ParOldGen       total 85504K, used 19233K [0x0000000704c00000, 0x0000000709f80000, 0x0000000781980000)
  object space 85504K, 22% used [0x0000000704c00000,0x0000000705ec8460,0x0000000709f80000)
 Metaspace       used 34928K, capacity 35226K, committed 35456K, reserved 1081344K
  class space    used 4379K, capacity 4455K, committed 4480K, reserved 1048576K
Event: 11.010 GC heap after
Heap after GC invocations=9 (full 1):
 PSYoungGen      total 407552K, used 16303K [0x0000000781980000, 0x00000007a2e00000, 0x00000007c0000000)
  eden space 385024K, 0% used [0x0000000781980000,0x0000000781980000,0x0000000799180000)
  from space 22528K, 72% used [0x00000007a1800000,0x00000007a27ebd98,0x00000007a2e00000)
  to   space 16896K, 0% used [0x0000000799180000,0x0000000799180000,0x000000079a200000)
 ParOldGen       total 85504K, used 19241K [0x0000000704c00000, 0x0000000709f80000, 0x0000000781980000)
  object space 85504K, 22% used [0x0000000704c00000,0x0000000705eca460,0x0000000709f80000)
 Metaspace       used 34928K, capacity 35226K, committed 35456K, reserved 1081344K
  class space    used 4379K, capacity 4455K, committed 4480K, reserved 1048576K
}
Event: 11.010 GC heap before
{Heap before GC invocations=10 (full 2):
 PSYoungGen      total 407552K, used 16303K [0x0000000781980000, 0x00000007a2e00000, 0x00000007c0000000)
  eden space 385024K, 0% used [0x0000000781980000,0x0000000781980000,0x0000000799180000)
  from space 22528K, 72% used [0x00000007a1800000,0x00000007a27ebd98,0x00000007a2e00000)
  to   space 16896K, 0% used [0x0000000799180000,0x0000000799180000,0x000000079a200000)
 ParOldGen       total 85504K, used 19241K [0x0000000704c00000, 0x0000000709f80000, 0x0000000781980000)
  object space 85504K, 22% used [0x0000000704c00000,0x0000000705eca460,0x0000000709f80000)
 Metaspace       used 34928K, capacity 35226K, committed 35456K, reserved 1081344K
  class space    used 4379K, capacity 4455K, committed 4480K, reserved 1048576K
Event: 11.538 GC heap after
Heap after GC invocations=10 (full 2):
 PSYoungGen      total 407552K, used 0K [0x0000000781980000, 0x00000007a2e00000, 0x00000007c0000000)
  eden space 385024K, 0% used [0x0000000781980000,0x0000000781980000,0x0000000799180000)
  from space 22528K, 0% used [0x00000007a1800000,0x00000007a1800000,0x00000007a2e00000)
  to   space 16896K, 0% used [0x0000000799180000,0x0000000799180000,0x000000079a200000)
 ParOldGen       total 140288K, used 25950K [0x0000000704c00000, 0x000000070d500000, 0x0000000781980000)
  object space 140288K, 18% used [0x0000000704c00000,0x0000000706557af8,0x000000070d500000)
 Metaspace       used 34928K, capacity 35226K, committed 35456K, reserved 1081344K
  class space    used 4379K, capacity 4455K, committed 4480K, reserved 1048576K
}

Deoptimization events (10 events):
Event: 9.493 Thread 0x000000001bc95000 Uncommon trap: reason=unreached action=reinterpret pc=0x0000000002e5b578 method=org.springframework.asm.Frame.merge(Lorg/springframework/asm/ClassWriter;Lorg/springframework/asm/Frame;I)Z @ 378
Event: 9.507 Thread 0x000000001bc95000 Uncommon trap: reason=unreached action=reinterpret pc=0x00000000031977e8 method=org.springframework.asm.Type.getDescriptor(Ljava/lang/StringBuilder;Ljava/lang/Class;)V @ 39
Event: 9.516 Thread 0x000000001bc95000 Uncommon trap: reason=null_check action=make_not_entrant pc=0x00000000028eeefc method=org.springframework.aop.framework.autoproxy.AbstractAutoProxyCreator.predictBeanType(Ljava/lang/Class;Ljava/lang/String;)Ljava/lang/Class; @ 31
Event: 9.516 Thread 0x000000001bc95000 Uncommon trap: reason=unreached action=reinterpret pc=0x000000000328e6d8 method=org.springframework.beans.factory.support.AbstractAutowireCapableBeanFactory.predictBeanType(Ljava/lang/String;Lorg/springframework/beans/factory/support/RootBeanDefinition;[LjüÐ5Á\#@
Event: 9.516 Thread 0x000000001bc95000 Uncommon trap: reason=unreached action=reinterpret pc=0x0000000002a7e52c method=org.springframework.beans.factory.support.AbstractAutowireCapableBeanFactory.predictBeanType(Ljava/lang/String;Lorg/springframework/beans/factory/support/RootBeanDefinition;[LjX¥™ˆ#@
Event: 9.766 Thread 0x000000001bc95000 Uncommon trap: reason=unloaded action=reinterpret pc=0x0000000002924c40 method=org.aspectj.apache.bcel.classfile.Attribute.readAttribute(Ljava/io/DataInputStream;Lorg/aspectj/apache/bcel/classfile/ConstantPool;)Lorg/aspectj/apache/bcel/classfile/Attribute;M‡Ð<¤Ñ'@
Event: 11.909 Thread 0x000000000231d000 Uncommon trap: reason=class_check action=maybe_recompile pc=0x00000000030b9ec8 method=java.util.Collections$UnmodifiableMap.containsKey(Ljava/lang/Object;)Z @ 5
Event: 11.911 Thread 0x000000000231d000 Uncommon trap: reason=class_check action=maybe_recompile pc=0x00000000030b9ec8 method=java.util.Collections$UnmodifiableMap.containsKey(Ljava/lang/Object;)Z @ 5
Event: 11.918 Thread 0x000000000231d000 Uncommon trap: reason=class_check action=maybe_recompile pc=0x00000000030b9ec8 method=java.util.Collections$UnmodifiableMap.containsKey(Ljava/lang/Object;)Z @ 5
Event: 11.926 Thread 0x000000000231d000 Uncommon trap: reason=class_check action=maybe_recompile pc=0x00000000030b9ec8 method=java.util.Collections$UnmodifiableMap.containsKey(Ljava/lang/Object;)Z @ 5

Internal exceptions (10 events):
Event: 12.123 Thread 0x000000000231d000 Exception <a 'java/security/PrivilegedActionException'> (0x00000007865d9b90) thrown at [D:\re\workspace\8-2-build-windows-amd64-cygwin\jdk8u25\1677\hotspot\src\share\vm\prims\jvm.cpp, line 1312]
Event: 12.123 Thread 0x000000000231d000 Exception <a 'java/lang/ClassNotFoundException': java/lang/ObjectCustomizer> (0x00000007865d9f38) thrown at [D:\re\workspace\8-2-build-windows-amd64-cygwin\jdk8u25\1677\hotspot\src\share\vm\classfile\systemDictionary.cpp, line 202]
Event: 12.124 Thread 0x000000000231d000 Exception <a 'java/security/PrivilegedActionException'> (0x00000007865debf0) thrown at [D:\re\workspace\8-2-build-windows-amd64-cygwin\jdk8u25\1677\hotspot\src\share\vm\prims\jvm.cpp, line 1312]
Event: 12.124 Thread 0x000000000231d000 Exception <a 'java/security/PrivilegedActionException'> (0x00000007865f2560) thrown at [D:\re\workspace\8-2-build-windows-amd64-cygwin\jdk8u25\1677\hotspot\src\share\vm\prims\jvm.cpp, line 1312]
Event: 12.124 Thread 0x000000000231d000 Exception <a 'java/security/PrivilegedActionException'> (0x00000007865f30b8) thrown at [D:\re\workspace\8-2-build-windows-amd64-cygwin\jdk8u25\1677\hotspot\src\share\vm\prims\jvm.cpp, line 1312]
Event: 12.124 Thread 0x000000000231d000 Exception <a 'java/security/PrivilegedActionException'> (0x0000000786606a28) thrown at [D:\re\workspace\8-2-build-windows-amd64-cygwin\jdk8u25\1677\hotspot\src\share\vm\prims\jvm.cpp, line 1312]
Event: 12.124 Thread 0x000000000231d000 Exception <a 'java/lang/ClassNotFoundException': org/springframework/web/servlet/mvc/SimpleControllerHandlerAdapterCustomizer> (0x0000000786606e30) thrown at [D:\re\workspace\8-2-build-windows-amd64-cygwin\jdk8u25\1677\hotspot\src\share\vm\classfile\system
x5A(@
Event: 12.127 Thread 0x000000000231d000 Exception <a 'java/security/PrivilegedActionException'> (0x000000078663f348) thrown at [D:\re\workspace\8-2-build-windows-amd64-cygwin\jdk8u25\1677\hotspot\src\share\vm\prims\jvm.cpp, line 1312]
Event: 12.128 Thread 0x000000000231d000 Exception <a 'java/security/PrivilegedActionException'> (0x000000078664fc00) thrown at [D:\re\workspace\8-2-build-windows-amd64-cygwin\jdk8u25\1677\hotspot\src\share\vm\prims\jvm.cpp, line 1312]
Event: 12.129 Thread 0x000000000231d000 Exception <a 'java/security/PrivilegedActionException'> (0x0000000786656ee0) thrown at [D:\re\workspace\8-2-build-windows-amd64-cygwin\jdk8u25\1677\hotspot\src\share\vm\prims\jvm.cpp, line 1312]

Events (10 events):
Event: 12.124 loading class org/springframework/web/servlet/mvc/SimpleControllerHandlerAdapterCustomizer
Event: 12.124 loading class org/springframework/web/servlet/mvc/SimpleControllerHandlerAdapterCustomizer done
Event: 12.124 loading class org/springframework/web/servlet/mvc/SimpleControllerHandlerAdapterCustomizer
Event: 12.124 loading class org/springframework/web/servlet/mvc/SimpleControllerHandlerAdapterCustomizer done
Event: 12.127 loading class org/springframework/web/servlet/mvc/method/annotation/ExceptionHandlerExceptionResolver
Event: 12.127 loading class org/springframework/web/servlet/mvc/method/annotation/ExceptionHandlerExceptionResolver done
Event: 12.128 loading class org/springframework/web/servlet/handler/AbstractHandlerMethodExceptionResolver
Event: 12.128 loading class org/springframework/web/servlet/handler/AbstractHandlerMethodExceptionResolver done
Event: 12.129 loading class org/springframework/web/servlet/handler/AbstractHandlerExceptionResolver
Event: 12.129 loading class org/springframework/web/servlet/handler/AbstractHandlerExceptionResolver done


Dynamic libraries:
0x000000013f6c0000 - 0x000000013f6f4000 	D:\Java\jdk\jdk1.8\bin\java.exe
0x0000000076f60000 - 0x000000007710a000 	C:\Windows\SYSTEM32\ntdll.dll
0x0000000076ac0000 - 0x0000000076bdf000 	C:\Windows\system32\kernel32.dll
0x000007fefd5b0000 - 0x000007fefd61a000 	C:\Windows\system32\KERNELBASE.dll
0x000007fefd960000 - 0x000007fefda3b000 	C:\Windows\system32\ADVAPI32.dll
0x000007fefe1a0000 - 0x000007fefe23f000 	C:\Windows\system32\msvcrt.dll
0x000007fefdeb0000 - 0x000007fefdecf000 	C:\Windows\SYSTEM32\sechost.dll
0x000007fefd790000 - 0x000007fefd8bd000 	C:\Windows\system32\RPCRT4.dll
0x0000000076860000 - 0x000000007695a000 	C:\Windows\system32\USER32.dll
0x000007feff200000 - 0x000007feff267000 	C:\Windows\system32\GDI32.dll
0x000007fefe420000 - 0x000007fefe42e000 	C:\Windows\system32\LPK.dll
0x000007fefe050000 - 0x000007fefe11a000 	C:\Windows\system32\USP10.dll
0x000007fefc480000 - 0x000007fefc674000 	C:\Windows\WinSxS\amd64_microsoft.windows.common-controls_6595b64144ccf1df_6.0.7601.17514_none_fa396087175ac9ac\COMCTL32.dll
0x000007fefd8e0000 - 0x000007fefd951000 	C:\Windows\system32\SHLWAPI.dll
0x000007feff1c0000 - 0x000007feff1ee000 	C:\Windows\system32\IMM32.DLL
0x000007fefdaf0000 - 0x000007fefdbf9000 	C:\Windows\system32\MSCTF.dll
0x000007fefd390000 - 0x000007fefd3c0000 	C:\Windows\system32\nvinitx.dll
0x000007fefd380000 - 0x000007fefd38c000 	C:\Windows\system32\VERSION.dll
0x00000000724c0000 - 0x00000000724c6000 	C:\Program Files\NVIDIA Corporation\CoProcManager\detoured.dll
0x000007fefa3a0000 - 0x000007fefa3d8000 	C:\Program Files\NVIDIA Corporation\CoProcManager\nvd3d9wrapx.dll
0x000007fefe240000 - 0x000007fefe417000 	C:\Windows\system32\SETUPAPI.dll
0x000007fefd470000 - 0x000007fefd4a6000 	C:\Windows\system32\CFGMGR32.dll
0x000007fefded0000 - 0x000007fefdfaa000 	C:\Windows\system32\OLEAUT32.dll
0x000007fefdca0000 - 0x000007fefdea3000 	C:\Windows\system32\ole32.dll
0x000007fefd590000 - 0x000007fefd5aa000 	C:\Windows\system32\DEVOBJ.dll
0x000007fefa370000 - 0x000007fefa394000 	C:\Program Files\NVIDIA Corporation\CoProcManager\nvdxgiwrapx.dll
0x000000005fcd0000 - 0x000000005fda2000 	D:\Java\jdk\jdk1.8\jre\bin\msvcr100.dll
0x00000000777a0000 - 0x0000000077ffa000 	D:\Java\jdk\jdk1.8\jre\bin\server\jvm.dll
0x000007fef8bf0000 - 0x000007fef8bf9000 	C:\Windows\system32\WSOCK32.dll
0x000007fefdaa0000 - 0x000007fefdaed000 	C:\Windows\system32\WS2_32.dll
0x000007feff1f0000 - 0x000007feff1f8000 	C:\Windows\system32\NSI.dll
0x000007fefb2b0000 - 0x000007fefb2eb000 	C:\Windows\system32\WINMM.dll
0x0000000077120000 - 0x0000000077127000 	C:\Windows\system32\PSAPI.DLL
0x0000000060db0000 - 0x0000000060dbf000 	D:\Java\jdk\jdk1.8\jre\bin\verify.dll
0x0000000060d80000 - 0x0000000060da8000 	D:\Java\jdk\jdk1.8\jre\bin\java.dll
0x00000000603d0000 - 0x00000000603e6000 	D:\Java\jdk\jdk1.8\jre\bin\zip.dll
0x000007fefe430000 - 0x000007feff1b8000 	C:\Windows\system32\SHELL32.dll
0x000007fefd3c0000 - 0x000007fefd3cf000 	C:\Windows\system32\profapi.dll
0x000007fefb470000 - 0x000007fefb480000 	D:\Java\IntelliJ IDEA 2016.3.4\bin\breakgen64.dll
0x00000000607e0000 - 0x00000000607fa000 	D:\Java\jdk\jdk1.8\jre\bin\net.dll
0x000007fefcbf0000 - 0x000007fefcc45000 	C:\Windows\system32\mswsock.dll
0x000007fefcbe0000 - 0x000007fefcbe7000 	C:\Windows\System32\wship6.dll
0x000007fefa320000 - 0x000007fefa347000 	C:\Windows\system32\IPHLPAPI.DLL
0x000007fefa310000 - 0x000007fefa31b000 	C:\Windows\system32\WINNSI.DLL
0x000007fefa120000 - 0x000007fefa138000 	C:\Windows\system32\dhcpcsvc.DLL
0x000007fefa100000 - 0x000007fefa111000 	C:\Windows\system32\dhcpcsvc6.DLL
0x000007fefca70000 - 0x000007fefcacb000 	C:\Windows\system32\DNSAPI.dll
0x000007fefbf20000 - 0x000007fefbf27000 	C:\Windows\System32\wshtcpip.dll
0x000007fef82c0000 - 0x000007fef82c8000 	C:\Windows\system32\rasadhlp.dll
0x000007fefa1a0000 - 0x000007fefa1f3000 	C:\Windows\System32\fwpuclnt.dll
0x0000000060850000 - 0x000000006085d000 	D:\Java\jdk\jdk1.8\jre\bin\management.dll
0x000007fefba00000 - 0x000007fefba15000 	C:\Windows\system32\NLAapi.dll
0x000007fef7c80000 - 0x000007fef7c95000 	C:\Windows\system32\napinsp.dll
0x000007fef7c60000 - 0x000007fef7c79000 	C:\Windows\system32\pnrpnsp.dll
0x000007fef7c50000 - 0x000007fef7c5b000 	C:\Windows\System32\winrnr.dll
0x000007fef7c40000 - 0x000007fef7c50000 	C:\Windows\system32\wshbth.dll
0x00000000603b0000 - 0x00000000603c1000 	D:\Java\jdk\jdk1.8\jre\bin\nio.dll
0x000007fefcc50000 - 0x000007fefcc68000 	C:\Windows\system32\CRYPTSP.dll
0x000007fefc950000 - 0x000007fefc997000 	C:\Windows\system32\rsaenh.dll
0x000007fefc040000 - 0x000007fefc05e000 	C:\Windows\system32\USERENV.dll
0x000007fefd2b0000 - 0x000007fefd2bf000 	C:\Windows\system32\CRYPTBASE.dll
0x0000000060380000 - 0x00000000603a4000 	D:\Java\jdk\jdk1.8\jre\bin\sunec.dll

VM Arguments:
jvm_args: -Dspring.output.ansi.enabled=always -Didea.launcher.port=7537 -Didea.launcher.bin.path=D:\Java\IntelliJ IDEA 2016.3.4\bin -Dfile.encoding=UTF-8 
java_command: com.intellij.rt.execution.application.AppMain eureka.zuul.EurekaZuulApplication
java_class_path (initial): D:\Java\jdk\jdk1.8\jre\lib\charsets.jar;D:\Java\jdk\jdk1.8\jre\lib\deploy.jar;D:\Java\jdk\jdk1.8\jre\lib\ext\access-bridge-64.jar;D:\Java\jdk\jdk1.8\jre\lib\ext\cldrdata.jar;D:\Java\jdk\jdk1.8\jre\lib\ext\dnsns.jar;D:\Java\jdk\jdk1.8\jre\lib\ext\jaccess.jar;D:\Java\jdk\jdk1.8\jre\lib\ext\jfxrt.jar;D:\Java\jdk\jdk1.8\jre\lib\ext\localedata.jar;D:\Java\jdk\jdk1.8\jre\lib\ext\nashorn.jar;D:\Java\jdk\jdk1.8\jre\lib\ext\sunec.jar;D:\Java\jdk\jdk1.8\jre\lib\ext\sunjce_provider.jar;D:\Java\jdk\jdk1.8\jre\lib\ext\sunmscapi.jar;D:\Java\jdk\jdk1.8\jre\lib\ext\sunpkcs11.jar;D:\Java\jdk\jdk1.8\jre\lib\ext\zipfs.jar;D:\Java\jdk\jdk1.8\jre\lib\javaws.jar;D:\Java\jdk\jdk1.8\jre\lib\jce.jar;D:\Java\jdk\jdk1.8\jre\lib\jfr.jar;D:\Java\jdk\jdk1.8\jre\lib\jfxswt.jar;D:\Java\jdk\jdk1.8\jre\lib\jsse.jar;D:\Java\jdk\jdk1.8\jre\lib\management-agent.jar;D:\Java\jdk\jdk1.8\jre\lib\plugin.jar;D:\Java\jdk\jdk1.8\jre\lib\resources.jar;D:\Java\jdk\jdk1.8\jre\lib\rt.jar;D:\idea_workspace\springcloud\eureka-zuul\target\classes;D:\Java\maven\repository\org\springframework\cloud\spring-cloud-starter-eureka\1.1.5.RELEASE\spring-cloud-starter-eureka-1.1.5.RELEASE.jar;D:\Java\maven\repository\org\springframework\boot\spring-boot-starter-web\1.3.7.RELEASE\spring-boot-starter-web-1.3.7.RELEASE.jar;D:\Java\maven\repository\org\springframework\boot\spring-boot-starter-tomcat\1.3.7.RELEASE\spring-boot-starter-tomcat-1.3.7.RELEASE.jar;D:\Java\maven\repository\org\apache\tomcat\embed\tomcat-embed-core\8.0.36\tomcat-embed-core-8.0.36.jar;D:\Java\maven\repository\org\apache\tomcat\embed\tomcat-embed-el\8.0.36\tomcat-embed-el-8.0.36.jar;D:\Java\maven\repository\org\apache\tomcat\embed\tomcat-embed-logging-juli\8.0.36\tomcat-embed-logging-juli-8.0.36.jar;D:\Java\maven\repository\org\apache\tomcat\embed\tomcat-embed-websocket\8.0.36\tomcat-embed-websocket-8.0.36.jar;D:\Java\maven\repository\org\springframework\boot\spring-boot-starter-validation\1.3.7.RELEASE\spring-boot-starter-valida
Launcher Type: SUN_STANDARD

Environment Variables:
JAVA_HOME=D:\Java\jdk\jdk1.8
CLASSPATH=.;D:\Java\jdk\jdk1.8\lib;D:\Java\jdk\jdk1.8\lib\tools.jar
PATH=C:\Program Files (x86)\Common Files\NetSarang;C:\Windows\system32;C:\Windows;C:\Windows\System32\Wbem;C:\Windows\System32\WindowsPowerShell\v1.0\;C:\Program Files (x86)\Intel\OpenCL SDK\2.0\bin\x86;C:\Program Files (x86)\Intel\OpenCL SDK\2.0\bin\x64;C:\Program Files\WIDCOMM\Bluetooth Software\;C:\Program Files\WIDCOMM\Bluetooth Software\syswow64;D:\Java\jdk\jdk1.8\bin;D:\Java\jdk\jdk1.8\jre\bin;C:\Program Files (x86)\IDM Computer Solutions\UltraEdit;C:\Program Files\TortoiseSVN\bin;D:\Java\maven\apache-maven-3.5.0\bin;D:\Java\sonarqube\sonar-scanner-3.0.3\bin;C:\Program Files\Git\cmd;D:\Java\nodejs\;D:\Java\gradle-2.3/bin;D:\Java\Docker Toolbox;C:\Users\ll\AppData\Roaming\npm;C:\Users\ll\AppData\Local\atom\bin
USERNAME=ll
OS=Windows_NT
PROCESSOR_IDENTIFIER=Intel64 Family 6 Model 42 Stepping 7, GenuineIntel



---------------  S Y S T E M  ---------------

OS: Windows 7 , 64 bit Build 7601 Service Pack 1

CPU:total 4 (2 cores per cpu, 2 threads per core) family 6 model 42 stepping 7, cmov, cx8, fxsr, mmx, sse, sse2, sse3, ssse3, sse4.1, sse4.2, popcnt, avx, aes, clmul, ht, tsc, tscinvbit

Memory: 4k page, physical 12268684k(5107820k free), swap 14363976k(4108k free)

vm_info: Java HotSpot(TM) 64-Bit Server VM (25.25-b02) for windows-amd64 JRE (1.8.0_25-b18), built on Oct  7 2014 14:25:37 by "java_re" with MS VC++ 10.0 (VS2010)

time: Fri Jan 12 14:04:59 2018
elapsed time: 12 seconds (0d 0h 0m 12s)

