JvmtiExport can_access_local_variables 0
JvmtiExport can_hotswap_or_post_breakpoint 0
JvmtiExport can_post_on_exceptions 0
# 174 ciObject found
ciMethod java/lang/String length ()I 4097 1 555420 0 -1
ciMethod java/lang/String charAt (I)C 4097 1 1680181 0 -1
ciMethod java/lang/System getSecurityManager ()Ljava/lang/SecurityManager; 4097 1 147843 0 0
ciMethod java/lang/System arraycopy (Ljava/lang/Object;ILjava/lang/Object;II)V 18433 1 2304 0 -1
ciMethod java/nio/Buffer position ()I 1433 1 179 0 0
ciMethod java/nio/Buffer position (I)Ljava/nio/Buffer; 1393 1 6298 0 -1
ciMethod java/nio/Buffer remaining ()I 2073 1 783 0 -1
ciMethod java/nio/Buffer hasRemaining ()Z 4097 1 5711 0 -1
ciMethod java/lang/Character isSupplementaryCodePoint (I)Z 0 0 1 0 -1
ciMethod java/lang/Character isSurrogate (C)Z 1 1 48533 0 -1
ciMethod java/lang/Character highSurrogate (I)C 0 0 1 0 -1
ciMethod java/lang/Character lowSurrogate (I)C 0 0 1 0 -1
ciMethod java/lang/Math min (II)I 4097 1 114272 0 -1
ciMethod java/util/Arrays copyOf ([CI)[C 3161 1 36570 0 0
ciMethod java/lang/StringCoding safeTrim ([CILjava/nio/charset/Charset;Z)[C 3073 1 9614 0 0
ciMethod java/lang/StringCoding scale (IF)I 3105 1 10087 0 0
ciMethod java/lang/StringCoding access$000 (IF)I 3105 1 10040 0 0
ciMethod java/lang/StringCoding access$100 ([CILjava/nio/charset/Charset;Z)[C 3073 1 9600 0 0
ciMethod java/lang/StringCoding$StringDecoder decode ([BII)[C 3073 1 9604 0 -1
ciMethod sun/nio/cs/ArrayDecoder decode ([BII[C)I 0 0 1 0 -1
ciMethod java/nio/charset/CharsetDecoder replacement ()Ljava/lang/String; 545 1 68 0 -1
ciMethod java/nio/charset/CharsetDecoder malformedInputAction ()Ljava/nio/charset/CodingErrorAction; 0 0 1 0 -1
ciMethod java/nio/charset/CharsetDecoder maxCharsPerByte ()F 2065 1 10234 0 0
ciMethod java/nio/charset/CharsetDecoder decode (Ljava/nio/ByteBuffer;Ljava/nio/CharBuffer;Z)Ljava/nio/charset/CoderResult; 225 1 334 0 0
ciMethod java/nio/charset/CharsetDecoder flush (Ljava/nio/CharBuffer;)Ljava/nio/charset/CoderResult; 0 0 169 0 0
ciMethod java/nio/charset/CharsetDecoder implFlush (Ljava/nio/CharBuffer;)Ljava/nio/charset/CoderResult; 1353 1 169 0 -1
ciMethod java/nio/charset/CharsetDecoder reset ()Ljava/nio/charset/CharsetDecoder; 73 1 966 0 0
ciMethod java/nio/charset/CharsetDecoder implReset ()V 2153 1 966 0 -1
ciMethod java/nio/charset/CharsetDecoder decodeLoop (Ljava/nio/ByteBuffer;Ljava/nio/CharBuffer;)Ljava/nio/charset/CoderResult; 0 0 1 0 -1
ciMethod java/nio/charset/CharsetDecoder throwIllegalStateException (II)V 0 0 1 0 -1
ciMethod java/nio/ByteBuffer wrap ([BII)Ljava/nio/ByteBuffer; 9 1 4580 0 0
ciMethod java/nio/HeapByteBuffer <init> ([BII)V 9 1 4580 0 -1
ciMethod java/nio/CharBuffer wrap ([CII)Ljava/nio/CharBuffer; 33 1 111 0 -1
ciMethod java/nio/CharBuffer wrap ([C)Ljava/nio/CharBuffer; 0 0 1 0 0
ciMethod java/nio/CharBuffer put (Ljava/lang/String;)Ljava/nio/CharBuffer; 0 0 1 0 -1
ciMethod java/nio/charset/CoderResult isUnderflow ()Z 9865 1 1474 0 0
ciMethod java/nio/charset/CoderResult isOverflow ()Z 3097 1 529 0 -1
ciMethod java/nio/charset/CoderResult isMalformed ()Z 41 1 7 0 -1
ciMethod java/nio/charset/CoderResult isUnmappable ()Z 0 0 1 0 -1
ciMethod java/nio/charset/CoderResult length ()I 0 0 1 0 -1
ciMethod java/nio/charset/CoderResult malformedForLength (I)Ljava/nio/charset/CoderResult; 0 0 1 0 -1
ciMethod java/nio/charset/CoderResult throwException ()V 0 0 1 0 0
ciMethod sun/nio/cs/UTF_8$Decoder isNotContinuation (I)Z 1 1 646 0 -1
ciMethod sun/nio/cs/UTF_8$Decoder isMalformed3 (III)Z 1 1 418 0 -1
ciMethod sun/nio/cs/UTF_8$Decoder isMalformed3_2 (II)Z 0 0 1 0 -1
ciMethod sun/nio/cs/UTF_8$Decoder isMalformed4 (III)Z 0 0 1 0 -1
ciMethod sun/nio/cs/UTF_8$Decoder isMalformed4_2 (II)Z 0 0 1 0 -1
ciMethod sun/nio/cs/UTF_8$Decoder isMalformed4_3 (I)Z 0 0 1 0 -1
ciMethod sun/nio/cs/UTF_8$Decoder malformedN (Ljava/nio/ByteBuffer;I)Ljava/nio/charset/CoderResult; 0 0 1 0 -1
ciMethod sun/nio/cs/UTF_8$Decoder getByteBuffer (Ljava/nio/ByteBuffer;[BI)Ljava/nio/ByteBuffer; 0 0 1 0 -1
ciMethod sun/nio/cs/UTF_8$Decoder decode ([BII[C)I 945 108425 3817 0 -1
ciMethodData java/lang/System getSecurityManager ()Ljava/lang/SecurityManager; 2 147843 orig 264 184 158 213 119 0 0 0 0 208 147 213 24 0 0 0 0 24 1 0 0 0 0 0 0 0 0 0 0 0 0 0 0 0 0 0 0 0 0 0 0 0 0 0 0 0 0 0 0 0 0 0 0 0 0 0 0 0 0 0 0 0 0 0 0 0 0 0 0 0 0 0 0 0 0 0 0 0 0 0 0 77 68 79 32 101 120 116 114 97 32 100 97 116 97 32 108 111 99 107 0 0 0 0 0 0 0 0 0 0 0 0 0 0 0 0 0 0 0 0 0 0 0 0 0 0 0 0 0 0 0 0 0 0 0 0 0 0 0 0 0 0 0 0 0 0 0 0 0 0 0 0 0 0 0 0 0 0 0 0 0 0 0 0 0 0 0 0 0 0 0 0 0 0 0 0 0 0 0 0 0 0 0 0 0 0 0 0 0 0 0 0 0 0 0 0 0 0 0 0 0 0 0 0 0 0 0 0 0 0 0 0 0 0 0 0 0 0 2 0 0 25 252 17 0 1 0 0 0 0 0 0 0 0 0 0 0 2 0 0 0 0 0 3 0 3 0 0 0 0 0 0 0 255 255 255 255 0 0 0 0 0 0 0 0 data 0 oops 0
ciMethodData java/util/Arrays copyOf ([CI)[C 2 36570 orig 264 184 158 213 119 0 0 0 0 136 239 227 24 0 0 0 0 112 1 0 0 0 0 0 0 0 0 0 0 0 0 0 0 0 0 0 0 0 0 0 0 0 0 0 0 0 0 0 0 0 0 0 0 0 0 0 0 0 0 0 0 0 0 0 0 0 0 0 0 0 0 0 0 0 0 0 0 0 0 0 0 77 68 79 32 101 120 116 114 97 32 100 97 116 97 32 108 111 99 107 0 0 0 0 0 0 0 0 0 0 0 0 0 0 0 0 0 0 0 0 0 0 0 0 0 0 0 0 0 0 0 0 0 0 0 0 0 0 0 0 0 0 0 0 0 0 0 0 0 0 0 0 0 0 0 0 0 0 0 0 0 0 0 0 0 0 0 0 0 0 0 0 0 0 0 0 0 0 0 0 0 0 0 0 0 21 0 0 0 0 0 0 0 0 0 0 0 0 0 0 0 0 0 0 0 0 0 0 0 0 0 0 0 0 0 0 0 139 1 0 0 121 106 4 0 1 0 0 0 0 0 0 0 0 0 0 0 2 0 0 0 0 0 7 0 3 0 1 0 32 0 0 0 255 255 255 255 2 0 11 0 0 0 0 0 data 4 0xb0002 0x8d50 0xe0002 0x8d50 oops 0
ciMethodData java/nio/ByteBuffer wrap ([BII)Ljava/nio/ByteBuffer; 2 4580 orig 264 184 158 213 119 0 0 0 0 192 3 233 24 0 0 0 0 80 1 0 0 0 0 0 0 0 0 0 0 0 0 0 0 0 0 0 0 0 0 0 0 0 0 0 0 0 0 0 0 0 0 0 0 0 0 0 0 0 0 0 0 0 0 0 0 0 0 0 0 0 0 0 0 0 0 0 0 0 0 0 0 77 68 79 32 101 120 116 114 97 32 100 97 116 97 32 108 111 99 107 0 0 0 0 0 0 0 0 0 0 0 0 0 0 0 0 0 0 0 0 0 0 0 0 0 0 0 0 0 0 0 0 0 0 0 0 0 0 0 0 0 0 0 0 0 0 0 0 0 0 0 0 0 0 0 0 0 0 0 0 0 0 0 0 0 0 0 0 0 0 0 0 0 0 0 0 0 0 0 0 0 0 0 0 0 29 0 0 0 0 0 0 0 0 0 0 0 0 0 0 0 0 0 0 0 0 0 0 0 0 0 0 0 0 0 0 0 1 0 0 0 25 143 0 0 1 0 0 0 0 0 0 0 0 0 0 0 2 0 0 0 0 0 5 0 3 0 1 0 32 0 0 0 255 255 255 255 2 0 7 0 0 0 0 0 data 4 0x70002 0x11e3 0x100002 0x0 oops 0
ciMethodData java/nio/CharBuffer wrap ([C)Ljava/nio/CharBuffer; 1 0 orig 264 184 158 213 119 0 0 0 0 64 84 235 24 0 0 0 0 88 1 0 0 0 0 0 0 0 0 0 0 0 0 0 0 0 0 0 0 0 0 0 0 0 0 0 0 0 0 0 0 0 0 0 0 0 0 0 0 0 0 0 0 0 0 0 0 0 0 0 0 0 0 0 0 0 0 0 0 0 0 0 0 77 68 79 32 101 120 116 114 97 32 100 97 116 97 32 108 111 99 107 0 0 0 0 0 0 0 0 0 0 0 0 0 0 0 0 0 0 0 0 0 0 0 0 0 0 0 0 0 0 0 0 0 0 0 0 0 0 0 0 0 0 0 0 0 0 0 0 0 0 0 0 0 0 0 0 0 0 0 0 0 0 0 0 0 0 0 0 0 0 0 0 0 0 0 0 0 0 0 0 0 0 0 0 0 17 0 0 0 0 0 0 0 0 0 0 0 0 0 0 0 0 0 0 0 0 0 0 0 0 0 0 0 0 0 0 0 0 0 0 0 1 0 0 0 1 0 0 0 0 0 0 0 0 0 0 0 2 0 0 0 0 0 0 0 0 0 1 0 16 0 0 0 255 255 255 255 2 0 4 0 0 0 0 0 data 2 0x40002 0x0 oops 0
ciMethodData java/nio/charset/CoderResult isUnderflow ()Z 1 1542 orig 264 184 158 213 119 0 0 0 0 208 155 235 24 0 0 0 0 88 1 0 0 0 0 0 0 0 0 0 0 0 0 0 0 0 0 0 0 0 0 0 0 0 0 0 0 0 0 0 0 0 0 0 0 0 0 0 0 0 0 0 0 0 0 0 0 0 0 0 0 0 0 0 0 0 0 0 0 0 0 0 0 77 68 79 32 101 120 116 114 97 32 100 97 116 97 32 108 111 99 107 0 0 0 0 0 0 0 0 0 0 0 0 0 0 0 0 0 0 0 0 0 0 0 0 0 0 0 0 0 0 0 0 0 0 0 0 0 0 0 0 0 0 0 0 0 0 0 0 0 0 0 0 0 0 0 0 0 0 0 0 0 0 0 0 0 0 0 0 0 0 0 0 0 0 0 0 0 0 0 0 0 0 0 0 0 1 0 0 0 0 0 0 0 0 0 0 0 0 0 0 0 1 0 0 0 0 0 0 0 0 0 0 0 0 0 0 0 13 0 0 0 169 9 0 0 1 0 0 0 0 0 0 0 0 0 0 0 2 0 0 0 0 0 3 0 2 0 1 0 56 0 0 0 255 255 255 255 7 0 4 0 0 0 0 0 data 7 0x40007 0x15 0x38 0x120 0x80003 0x120 0x18 oops 0
ciMethodData java/nio/charset/CharsetDecoder reset ()Ljava/nio/charset/CharsetDecoder; 1 966 orig 264 184 158 213 119 0 0 0 0 144 107 230 24 0 0 0 0 120 1 0 0 0 0 0 0 0 0 0 0 0 0 0 0 0 0 0 0 0 0 0 0 0 0 0 0 0 0 0 0 0 0 0 0 0 0 0 0 0 0 0 0 0 0 0 0 0 0 0 0 0 0 0 0 0 0 0 0 0 0 0 0 77 68 79 32 101 120 116 114 97 32 100 97 116 97 32 108 111 99 107 0 0 0 0 0 0 0 0 0 0 0 0 0 0 0 0 0 0 0 0 0 0 0 0 0 0 0 0 0 0 0 0 0 0 0 0 0 0 0 0 0 0 0 0 0 0 0 0 0 0 0 0 0 0 0 0 0 0 0 0 0 0 0 0 0 0 0 0 0 0 0 0 0 0 0 0 0 0 0 0 0 0 0 0 0 19 0 0 0 0 0 0 0 0 0 0 0 0 0 0 0 0 0 0 0 0 0 0 0 1 0 0 0 0 0 0 0 9 0 0 0 233 29 0 0 1 0 0 0 0 0 0 0 0 0 0 0 2 0 0 0 0 0 3 0 3 0 1 0 48 0 0 0 255 255 255 255 5 0 1 0 0 0 0 0 data 6 0x10005 0x6 0x1ace7770 0x2a7 0x1aa5a050 0x110 oops 2 2 sun/nio/cs/UTF_8$Decoder 4 sun/nio/cs/ISO_8859_1$Decoder
ciMethodData java/nio/charset/CharsetDecoder decode (Ljava/nio/ByteBuffer;Ljava/nio/CharBuffer;Z)Ljava/nio/charset/CoderResult; 1 334 orig 264 184 158 213 119 0 0 0 0 144 105 230 24 0 0 0 0 72 7 0 0 184 0 0 0 0 0 0 0 0 0 0 0 0 0 0 0 0 0 0 0 0 0 0 0 0 0 0 0 0 0 0 0 0 0 0 0 0 0 0 0 0 0 0 0 0 0 0 0 0 0 0 0 0 0 0 0 0 0 0 0 77 68 79 32 101 120 116 114 97 32 100 97 116 97 32 108 111 99 107 0 0 0 0 0 0 0 0 0 0 0 0 0 0 0 0 0 0 0 0 0 0 0 0 0 0 0 0 0 0 0 0 0 0 0 0 0 0 0 0 0 0 0 0 0 0 0 0 0 0 0 0 0 0 0 0 0 0 0 0 0 0 0 0 0 0 0 0 0 0 0 0 0 0 0 0 0 0 0 0 0 0 0 0 0 0 0 0 0 0 0 0 0 0 0 0 0 0 0 0 0 0 0 0 0 0 0 0 0 0 0 0 0 0 0 0 0 28 0 0 0 145 9 0 0 1 0 0 0 0 0 0 0 0 0 0 0 2 0 0 0 1 0 76 0 3 0 1 0 232 5 0 0 255 255 255 255 7 0 1 0 0 0 0 0 data 189 0x10007 0x68 0x38 0xca 0x50003 0xca 0x18 0xf0007 0xe2 0x90 0x50 0x170007 0x50 0x70 0x0 0x1b0007 0x0 0x40 0x0 0x230007 0x0 0x30 0x0 0x2d0002 0x0 0x390005 0x8a 0x1ace7770 0x90 0x1ace7820 0x18 0x3e0003 0x132 0x38 0x490002 0x0 0x550002 0x0 0x5b0005 0x0 0x1aceaf00 0x132 0x0 0x0 0x5e0007 0x11d 0x20 0x15 0x660005 0x0 0x1aceaf00 0x11d 0x0 0x0 0x690007 0x0 0xe8 0x11d 0x6d0007 0x53 0xc8 0xca 0x710005 0x98 0x1bd8f4b0 0x32 0x0 0x0 0x740007 0xca 0x78 0x0 0x780005 0x0 0x0 0x0 0x0 0x0 0x7b0002 0x0 0x800003 0x0 0x18 0x8b0005 0x0 0x0 0x0 0x0 0x0 0x8e0007 0x0 0x38 0x0 0x970003 0x0 0xe0 0x9c0005 0x0 0x0 0x0 0x0 0x0 0x9f0007 0x0 0x38 0x0 0xa80003 0x0 0x78 0xae0007 0x0 0x60 0x0 0xb70005 0x0 0x0 0x0 0x0 0x0 0xba0002 0x0 0xc30007 0x0 0x20 0x0 0xce0007 0x0 0xd0 0x0 0xd20005 0x0 0x0 0x0 0x0 0x0 0xd90005 0x0 0x0 0x0 0x0 0x0 0xdc0007 0x0 0x20 0x0 0xe80005 0x0 0x0 0x0 0x0 0x0 0xf10007 0x0 0x40 0x0 0xf90007 0x0 0xc8 0x0 0xfe0005 0x0 0x0 0x0 0x0 0x0 0x1030005 0x0 0x0 0x0 0x0 0x0 0x1070005 0x0 0x0 0x0 0x0 0x0 0x10b0003 0x0 0xfffffffffffffb40 0x1110007 0x0 0x30 0x0 0x1180002 0x0 0x11c0003 0x0 0xfffffffffffffaf8 oops 5 27 sun/nio/cs/UTF_8$Decoder 29 sun/nio/cs/ext/DoubleByte$Decoder 40 java/nio/charset/CoderResult 50 java/nio/charset/CoderResult 64 java/nio/HeapByteBuffer
ciMethodData java/nio/charset/CharsetDecoder flush (Ljava/nio/CharBuffer;)Ljava/nio/charset/CoderResult; 1 169 orig 264 184 158 213 119 0 0 0 0 88 106 230 24 0 0 0 0 32 2 0 0 128 0 0 0 0 0 0 0 0 0 0 0 0 0 0 0 0 0 0 0 0 0 0 0 0 0 0 0 0 0 0 0 0 0 0 0 0 0 0 0 0 0 0 0 0 0 0 0 0 0 0 0 0 0 0 0 0 0 0 0 77 68 79 32 101 120 116 114 97 32 100 97 116 97 32 108 111 99 107 0 0 0 0 0 0 0 0 0 0 0 0 0 0 0 0 0 0 0 0 0 0 0 0 0 0 0 0 0 0 0 0 0 0 0 0 0 0 0 0 0 0 0 0 0 0 0 0 0 0 0 0 0 0 0 0 0 0 0 0 0 0 0 0 0 0 0 0 0 0 0 0 0 0 0 0 0 0 0 0 0 0 0 0 0 17 0 0 0 0 0 0 0 0 0 0 0 0 0 0 0 0 0 0 0 0 0 0 0 0 0 0 0 0 0 0 0 0 0 0 0 73 5 0 0 1 0 0 0 0 0 0 0 0 0 0 0 2 0 0 0 0 0 0 0 0 0 1 0 208 0 0 0 255 255 255 255 7 0 5 0 0 0 0 0 data 26 0x50007 0x0 0xa0 0xa9 0xa0005 0x0 0x1ace7770 0x28 0x1aa5a050 0x81 0xf0005 0x0 0x1aceaf00 0xa9 0x0 0x0 0x120007 0x0 0x20 0xa9 0x210007 0x0 0x30 0x0 0x2a0002 0x0 oops 3 6 sun/nio/cs/UTF_8$Decoder 8 sun/nio/cs/ISO_8859_1$Decoder 12 java/nio/charset/CoderResult
ciMethodData sun/nio/cs/UTF_8$Decoder decode ([BII[C)I 2 155619 orig 264 184 158 213 119 0 0 0 0 104 213 237 24 0 0 0 0 128 13 0 0 80 0 0 0 0 0 0 0 0 0 0 0 0 0 0 0 0 0 0 0 0 0 0 0 0 0 0 0 0 0 0 0 0 0 0 0 0 0 0 0 0 0 0 0 0 0 0 0 0 0 0 0 0 0 0 0 0 0 0 0 77 68 79 32 101 120 116 114 97 32 100 97 116 97 32 108 111 99 107 0 0 0 0 0 0 0 0 0 0 0 0 0 0 0 0 0 0 0 0 0 0 0 0 0 0 0 0 0 0 0 0 0 0 0 0 0 0 0 0 0 0 0 0 0 0 0 0 0 0 0 0 0 0 0 0 0 0 0 0 0 0 0 0 0 0 0 0 0 0 0 0 0 0 0 0 0 0 0 0 0 0 0 0 0 0 0 0 0 0 0 0 0 0 0 0 0 0 0 0 0 0 0 0 0 0 0 0 0 0 0 0 0 0 0 0 0 241 52 0 0 153 115 0 0 145 87 17 0 0 0 0 0 0 0 0 0 2 0 0 0 2 0 185 0 4 0 1 0 8 12 0 0 255 255 255 255 2 0 12 0 0 0 0 0 data 385 0xc0002 0xe73 0x180007 0xe73 0x58 0x22af2 0x1e0007 0x0 0x38 0x22af2 0x300003 0x22af2 0xffffffffffffffc0 0x360007 0xe73 0xba0 0x0 0x430007 0x0 0x38 0x0 0x510003 0x0 0xb48 0x5a0007 0x0 0x220 0x0 0x620007 0x0 0x200 0x0 0x680007 0x0 0x130 0x0 0x750002 0x0 0x780007 0x0 0xe8 0x0 0x7c0005 0x0 0x0 0x0 0x0 0x0 0x820007 0x0 0x20 0x0 0x8f0005 0x0 0x0 0x0 0x0 0x0 0x930005 0x0 0x0 0x0 0x0 0x0 0x9a0003 0x0 0xfffffffffffffe68 0xb20003 0x0 0xfffffffffffffe50 0xb60005 0x0 0x0 0x0 0x0 0x0 0xbc0007 0x0 0x20 0x0 0xc90005 0x0 0x0 0x0 0x0 0x0 0xcd0005 0x0 0x0 0x0 0x0 0x0 0xda0007 0x0 0x410 0x0 0xe20007 0x0 0x278 0x0 0xfb0002 0x0 0xfe0007 0x0 0x138 0x0 0x1020005 0x0 0x0 0x0 0x0 0x0 0x1080007 0x0 0x20 0x0 0x1150005 0x0 0x0 0x0 0x0 0x0 0x1190005 0x0 0x0 0x0 0x0 0x0 0x1240002 0x0 0x12d0002 0x0 0x1300005 0x0 0x0 0x0 0x0 0x0 0x1350003 0x0 0xfffffffffffffc18 0x14e0002 0x0 0x1510007 0x0 0xe8 0x0 0x1550005 0x0 0x0 0x0 0x0 0x0 0x15b0007 0x0 0x20 0x0 0x1680005 0x0 0x0 0x0 0x0 0x0 0x16c0005 0x0 0x0 0x0 0x0 0x0 0x1700003 0x0 0x18 0x17d0003 0x0 0xfffffffffffffb08 0x1810005 0x0 0x0 0x0 0x0 0x0 0x1870007 0x0 0x20 0x0 0x18f0007 0x0 0xc8 0x0 0x1970002 0x0 0x19a0007 0x0 0x98 0x0 0x1a50005 0x0 0x0 0x0 0x0 0x0 0x1a90005 0x0 0x0 0x0 0x0 0x0 0x1ad0003 0x0 0xfffffffffffff9f0 0x1b80005 0x0 0x0 0x0 0x0 0x0 0x1bc0005 0x0 0x0 0x0 0x0 0x0 0x1c90007 0x0 0x450 0x0 0x1d10007 0x0 0x1d0 0x0 0x20b0002 0x0 0x20e0007 0x0 0x50 0x0 0x2130002 0x0 0x2160007 0x0 0x138 0x0 0x21a0005 0x0 0x0 0x0 0x0 0x0 0x2200007 0x0 0x20 0x0 0x22d0005 0x0 0x0 0x0 0x0 0x0 0x2310005 0x0 0x0 0x0 0x0 0x0 0x23c0002 0x0 0x2450002 0x0 0x2480005 0x0 0x0 0x0 0x0 0x0 0x24d0003 0x0 0xfffffffffffff7d8 0x2590002 0x0 0x2660002 0x0 0x26a0003 0x0 0xfffffffffffff7a0 0x26e0005 0x0 0x0 0x0 0x0 0x0 0x2740007 0x0 0x20 0x0 0x2860007 0x0 0x70 0x0 0x28c0007 0x0 0xc8 0x0 0x2980002 0x0 0x29b0007 0x0 0x98 0x0 0x2a60005 0x0 0x0 0x0 0x0 0x0 0x2aa0005 0x0 0x0 0x0 0x0 0x0 0x2ae0003 0x0 0xfffffffffffff668 0x2b70007 0x0 0xc8 0x0 0x2bd0002 0x0 0x2c00007 0x0 0x98 0x0 0x2cb0005 0x0 0x0 0x0 0x0 0x0 0x2cf0005 0x0 0x0 0x0 0x0 0x0 0x2d30003 0x0 0xfffffffffffff5a0 0x2de0005 0x0 0x0 0x0 0x0 0x0 0x2e20005 0x0 0x0 0x0 0x0 0x0 0x2ea0005 0x0 0x0 0x0 0x0 0x0 0x2f00007 0x0 0x20 0x0 0x2fd0005 0x0 0x0 0x0 0x0 0x0 0x3010005 0x0 0x0 0x0 0x0 0x0 0x3050003 0x0 0xfffffffffffff478 oops 0
ciMethodData java/lang/StringCoding access$000 (IF)I 2 10040 orig 264 184 158 213 119 0 0 0 0 40 2 230 24 0 0 0 0 96 1 0 0 0 0 0 0 0 0 0 0 0 0 0 0 0 0 0 0 0 0 0 0 0 0 0 0 0 0 0 0 0 0 0 0 0 0 0 0 0 0 0 0 0 0 0 0 0 0 0 0 0 0 0 0 0 0 0 0 0 0 0 0 77 68 79 32 101 120 116 114 97 32 100 97 116 97 32 108 111 99 107 0 0 0 0 0 0 0 0 0 0 0 0 0 0 0 0 0 0 0 0 0 0 0 0 0 0 0 0 0 0 0 0 0 0 0 0 0 0 0 0 0 0 0 0 0 0 0 0 0 0 0 0 0 0 0 0 0 0 0 0 0 0 0 0 0 0 0 0 0 0 0 0 0 0 0 0 0 0 0 0 0 0 0 0 0 0 0 0 0 0 0 0 0 0 0 0 0 0 0 0 0 0 0 0 0 0 0 0 0 0 0 0 0 0 0 0 0 132 1 0 0 161 45 1 0 1 0 0 0 0 0 0 0 0 0 0 0 2 0 0 0 0 0 3 0 3 0 1 0 16 0 0 0 255 255 255 255 2 0 2 0 0 0 0 0 data 2 0x20002 0x25b4 oops 0
ciMethodData java/lang/StringCoding scale (IF)I 2 10087 orig 264 184 158 213 119 0 0 0 0 224 248 229 24 0 0 0 0 40 1 0 0 0 0 0 0 0 0 0 0 0 0 0 0 0 0 0 0 0 0 0 0 0 0 0 0 0 0 0 0 0 0 0 0 0 0 0 0 0 0 0 0 0 0 0 0 0 0 0 0 0 0 0 0 0 0 0 0 0 0 0 0 77 68 79 32 101 120 116 114 97 32 100 97 116 97 32 108 111 99 107 0 0 0 0 0 0 0 0 0 0 0 0 0 0 0 0 0 0 0 0 0 0 0 0 0 0 0 0 0 0 0 0 0 0 0 0 0 0 0 0 0 0 0 0 0 0 0 0 0 0 0 0 0 0 0 0 0 0 0 0 0 0 0 0 0 0 0 0 0 0 0 0 0 0 0 0 0 0 0 0 0 0 0 0 0 0 0 0 0 0 0 0 0 0 0 0 0 0 0 0 0 0 0 0 0 0 0 0 0 0 0 0 0 0 0 0 0 132 1 0 0 25 47 1 0 1 0 0 0 0 0 0 0 0 0 0 0 2 0 0 0 0 0 0 0 0 0 1 0 0 0 0 0 255 255 255 255 0 0 0 0 0 0 0 0 data 0 oops 0
ciMethodData java/nio/charset/CharsetDecoder maxCharsPerByte ()F 2 10234 orig 264 184 158 213 119 0 0 0 0 176 103 230 24 0 0 0 0 32 1 0 0 0 0 0 0 0 0 0 0 0 0 0 0 0 0 0 0 0 0 0 0 0 0 0 0 0 0 0 0 0 0 0 0 0 0 0 0 0 0 0 0 0 0 0 0 0 0 0 0 0 0 0 0 0 0 0 0 0 0 0 0 77 68 79 32 101 120 116 114 97 32 100 97 116 97 32 108 111 99 107 0 0 0 0 0 0 0 0 0 0 0 0 0 0 0 0 0 0 0 0 0 0 0 0 0 0 0 0 0 0 0 0 0 0 0 0 0 0 0 0 0 0 0 0 0 0 0 0 0 0 0 0 0 0 0 0 0 0 0 0 0 0 0 0 0 0 0 0 0 0 0 0 0 0 0 0 0 0 0 0 0 0 0 0 0 0 0 0 0 0 0 0 0 0 0 0 0 0 0 0 0 0 0 0 0 0 0 0 0 0 0 0 0 0 0 0 0 1 1 0 0 193 55 1 0 1 0 0 0 0 0 0 0 0 0 0 0 2 0 0 0 0 0 3 0 3 0 0 0 0 0 0 0 255 255 255 255 0 0 0 0 0 0 0 0 data 0 oops 0
ciMethodData java/lang/StringCoding$StringDecoder decode ([BII)[C 2 9604 orig 264 184 158 213 119 0 0 0 0 48 52 230 24 0 0 0 0 152 4 0 0 232 2 0 0 0 0 0 0 0 0 0 0 0 0 0 0 0 0 0 0 0 0 0 0 0 0 0 0 0 0 0 0 0 0 0 0 0 0 0 0 0 0 0 0 0 0 0 0 0 0 0 0 0 0 0 0 0 0 0 0 77 68 79 32 101 120 116 114 97 32 100 97 116 97 32 108 111 99 107 0 0 0 0 0 0 0 0 0 0 0 0 0 0 0 0 0 0 0 0 0 0 0 0 0 0 0 0 0 0 0 0 0 0 0 0 0 0 0 0 0 0 0 0 0 0 0 0 0 0 0 0 0 0 0 0 0 0 0 0 0 0 0 0 0 0 0 0 0 0 0 0 0 0 0 0 0 0 0 0 0 0 0 0 0 0 0 0 0 0 0 0 0 0 0 0 0 0 0 0 0 0 0 0 0 0 0 0 0 0 0 0 0 0 0 0 0 128 1 0 0 33 32 1 0 1 0 0 0 0 0 0 0 0 0 0 0 2 0 0 0 0 0 61 0 3 0 1 0 56 3 0 0 255 255 255 255 5 0 5 0 0 0 0 0 data 103 0x50005 0x36 0x1ace7770 0x23cd 0x1ace7820 0x1 0x80002 0x2404 0x140007 0x2400 0x20 0x4 0x1e0004 0x0 0x1ace7770 0x23c9 0x1ace7820 0x1 0x210007 0x0 0x90 0x2400 0x280004 0x0 0x1ace7770 0x23c9 0x1ace7820 0x1 0x300005 0x36 0x1ace7770 0x23c9 0x1ace7820 0x1 0x430002 0x2400 0x4b0005 0x0 0x0 0x0 0x0 0x0 0x520002 0x0 0x590002 0x0 0x670005 0x0 0x0 0x0 0x0 0x0 0x6e0005 0x0 0x0 0x0 0x0 0x0 0x710007 0x0 0x50 0x0 0x760005 0x0 0x0 0x0 0x0 0x0 0x7f0005 0x0 0x0 0x0 0x0 0x0 0x860005 0x0 0x0 0x0 0x0 0x0 0x890007 0x0 0x50 0x0 0x8e0005 0x0 0x0 0x0 0x0 0x0 0x910003 0x0 0x28 0x9c0002 0x0 0xa40005 0x0 0x0 0x0 0x0 0x0 0xaf0002 0x0 oops 8 2 sun/nio/cs/UTF_8$Decoder 4 sun/nio/cs/ext/DoubleByte$Decoder 14 sun/nio/cs/UTF_8$Decoder 16 sun/nio/cs/ext/DoubleByte$Decoder 24 sun/nio/cs/UTF_8$Decoder 26 sun/nio/cs/ext/DoubleByte$Decoder 30 sun/nio/cs/UTF_8$Decoder 32 sun/nio/cs/ext/DoubleByte$Decoder
ciMethodData java/lang/StringCoding access$100 ([CILjava/nio/charset/Charset;Z)[C 2 9600 orig 264 184 158 213 119 0 0 0 0 192 2 230 24 0 0 0 0 112 1 0 0 0 0 0 0 0 0 0 0 0 0 0 0 0 0 0 0 0 0 0 0 0 0 0 0 0 0 0 0 0 0 0 0 0 0 0 0 0 0 0 0 0 0 0 0 0 0 0 0 0 0 0 0 0 0 0 0 0 0 0 0 77 68 79 32 101 120 116 114 97 32 100 97 116 97 32 108 111 99 107 0 0 0 0 0 0 0 0 0 0 0 0 0 0 0 0 0 0 0 0 0 0 0 0 0 0 0 0 0 0 0 0 0 0 0 0 0 0 0 0 0 0 0 0 0 0 0 0 0 0 0 0 0 0 0 0 0 0 0 0 0 0 0 0 0 0 0 0 0 0 0 0 0 0 0 0 0 0 0 0 0 0 0 0 0 17 0 0 0 0 0 0 0 0 0 0 0 0 0 0 0 4 0 0 0 0 0 0 0 0 0 0 0 0 0 0 0 128 1 0 0 1 32 1 0 1 0 0 0 0 0 0 0 0 0 0 0 2 0 0 0 0 0 17 0 3 0 1 0 16 0 0 0 255 255 255 255 2 0 4 0 0 0 0 0 data 2 0x40002 0x2400 oops 0
ciMethodData java/lang/StringCoding safeTrim ([CILjava/nio/charset/Charset;Z)[C 2 9614 orig 264 184 158 213 119 0 0 0 0 72 248 229 24 0 0 0 0 224 1 0 0 80 0 0 0 0 0 0 0 0 0 0 0 0 0 0 0 0 0 0 0 0 0 0 0 0 0 0 0 0 0 0 0 0 0 0 0 0 0 0 0 0 0 0 0 0 0 0 0 0 0 0 0 0 0 0 0 0 0 0 0 77 68 79 32 101 120 116 114 97 32 100 97 116 97 32 108 111 99 107 0 0 0 0 0 0 0 0 0 0 0 0 0 0 0 0 0 0 0 0 0 0 0 0 0 0 0 0 0 0 0 0 0 0 0 0 0 0 0 0 0 0 0 0 0 0 0 0 0 0 0 0 0 0 0 0 0 0 0 0 0 0 0 0 0 0 0 0 0 0 0 0 0 0 0 0 0 0 0 0 0 0 0 0 0 17 0 0 0 0 0 0 0 4 0 0 0 0 0 0 0 4 0 0 0 0 0 0 0 1 0 0 0 0 0 0 0 128 1 0 0 113 32 1 0 1 0 0 0 0 0 0 0 0 0 0 0 2 0 0 0 0 0 16 0 3 0 1 0 128 0 0 0 255 255 255 255 7 0 3 0 0 0 0 0 data 16 0x30007 0x0 0x70 0x240e 0x70007 0x2400 0x50 0xe 0xa0002 0xe 0xd0007 0x0 0x20 0xe 0x140002 0x0 oops 0
ciMethodData java/nio/charset/CoderResult throwException ()V 1 0 orig 264 184 158 213 119 0 0 0 0 32 161 235 24 0 0 0 0 240 1 0 0 144 0 0 0 0 0 0 0 0 0 0 0 0 0 0 0 0 0 0 0 0 0 0 0 0 0 0 0 0 0 0 0 0 0 0 0 0 0 0 0 0 0 0 0 0 0 0 0 0 0 0 0 0 0 0 0 0 0 0 0 77 68 79 32 101 120 116 114 97 32 100 97 116 97 32 108 111 99 107 0 0 0 0 0 0 0 0 0 0 0 0 0 0 0 0 0 0 0 0 0 0 0 0 0 0 0 0 0 0 0 0 0 0 0 0 0 0 0 0 0 0 0 0 0 0 0 0 0 0 0 0 0 0 0 0 0 0 0 0 0 0 0 0 0 0 0 0 0 0 0 0 0 0 0 0 0 0 0 0 0 0 0 0 0 25 0 0 0 0 0 0 0 0 0 0 0 0 0 0 0 1 0 0 0 0 0 0 0 0 0 0 0 0 0 0 0 0 0 0 0 1 0 0 0 1 0 0 0 0 0 0 0 0 0 0 0 2 0 0 0 0 0 0 0 0 0 1 0 208 0 0 0 255 255 255 255 8 0 4 0 0 0 0 0 data 26 0x40008 0xa 0x0 0xa0 0x0 0x60 0x0 0x70 0x0 0x80 0x0 0x90 0x280002 0x0 0x300002 0x0 0x3c0002 0x0 0x480002 0x0 0x4f0007 0x0 0x30 0x0 0x560002 0x0 oops 0
instanceKlass org/slf4j/Marker
instanceKlass org/apache/http/message/BasicNameValuePair
instanceKlass org/apache/http/client/utils/URLEncodedUtils
instanceKlass com/netflix/discovery/shared/transport/decorator/EurekaHttpClientDecorator$3
instanceKlass com/netflix/discovery/shared/transport/decorator/EurekaHttpClientDecorator$7
instanceKlass org/apache/tomcat/PeriodicEventListener
instanceKlass org/apache/catalina/webresources/Cache$EvictionOrder
instanceKlass org/apache/http/pool/AbstractConnPool$4
instanceKlass com/netflix/hystrix/contrib/metrics/eventstream/HystrixMetricsPoller$MetricsPoller$16
instanceKlass com/netflix/hystrix/contrib/metrics/eventstream/HystrixMetricsPoller$MetricsPoller$15
instanceKlass com/netflix/hystrix/contrib/metrics/eventstream/HystrixMetricsPoller$MetricsPoller$14
instanceKlass com/netflix/hystrix/contrib/metrics/eventstream/HystrixMetricsPoller$MetricsPoller$13
instanceKlass com/netflix/hystrix/contrib/metrics/eventstream/HystrixMetricsPoller$MetricsPoller$12
instanceKlass com/netflix/hystrix/contrib/metrics/eventstream/HystrixMetricsPoller$MetricsPoller$11
instanceKlass com/netflix/hystrix/contrib/metrics/eventstream/HystrixMetricsPoller$MetricsPoller$10
instanceKlass com/netflix/hystrix/contrib/metrics/eventstream/HystrixMetricsPoller$MetricsPoller$9
instanceKlass com/netflix/hystrix/contrib/metrics/eventstream/HystrixMetricsPoller$MetricsPoller$8
instanceKlass com/netflix/hystrix/contrib/metrics/eventstream/HystrixMetricsPoller$MetricsPoller$7
instanceKlass com/netflix/hystrix/contrib/metrics/eventstream/HystrixMetricsPoller$MetricsPoller$6
instanceKlass com/netflix/hystrix/contrib/metrics/eventstream/HystrixMetricsPoller$MetricsPoller$5
instanceKlass com/netflix/hystrix/contrib/metrics/eventstream/HystrixMetricsPoller$MetricsPoller$4
instanceKlass com/netflix/hystrix/contrib/metrics/eventstream/HystrixMetricsPoller$MetricsPoller$3
instanceKlass com/netflix/hystrix/contrib/metrics/eventstream/HystrixMetricsPoller$MetricsPoller$2
instanceKlass com/netflix/hystrix/contrib/metrics/eventstream/HystrixMetricsPoller$MetricsPoller$1
instanceKlass org/apache/tomcat/util/http/parser/MediaType
instanceKlass rx/internal/operators/BlockingOperatorToFuture$2
instanceKlass com/netflix/hystrix/HystrixCommandMetrics$4
instanceKlass com/netflix/hystrix/ExecutionResult$1
instanceKlass rx/Notification
instanceKlass rx/internal/util/BlockingUtils
instanceKlass com/netflix/loadbalancer/reactive/LoadBalancerCommand$3$1$1
instanceKlass com/netflix/niws/client/http/HttpClientResponse$1
instanceKlass com/netflix/niws/client/http/HttpClientResponse
instanceKlass com/netflix/niws/client/http/RestClient$2
instanceKlass com/google/common/base/Joiner$MapJoiner
instanceKlass com/google/common/collect/Collections2
instanceKlass com/google/common/collect/SortedMapDifference
instanceKlass com/google/common/collect/MapDifference
instanceKlass com/google/common/collect/Maps$EntryTransformer
instanceKlass com/google/common/collect/Maps
instanceKlass com/google/common/collect/AbstractMapBasedMultimap$AsMap$AsMapIterator
instanceKlass com/google/common/collect/AbstractMapBasedMultimap$Itr
instanceKlass rx/internal/util/ScalarSynchronousObservable$4
instanceKlass com/netflix/loadbalancer/reactive/LoadBalancerCommand$3$1
instanceKlass com/google/common/base/Optional
instanceKlass rx/internal/schedulers/TrampolineScheduler$TimedAction
instanceKlass rx/internal/operators/OperatorRetryWithPredicate$SourceSubscriber$1
instanceKlass rx/internal/util/ScalarSynchronousObservable$WeakSingleProducer
instanceKlass com/netflix/loadbalancer/reactive/LoadBalancerCommand$4
instanceKlass rx/internal/operators/OperatorRetryWithPredicate
instanceKlass rx/internal/util/ScalarSynchronousObservable$1
instanceKlass com/netflix/loadbalancer/reactive/LoadBalancerCommand$2
instanceKlass com/netflix/loadbalancer/reactive/LoadBalancerCommand$3
instanceKlass com/netflix/loadbalancer/reactive/LoadBalancerCommand$1
instanceKlass com/netflix/loadbalancer/reactive/LoadBalancerCommand$ExecutionInfoContext
instanceKlass com/netflix/client/AbstractLoadBalancerAwareClient$1
instanceKlass com/netflix/loadbalancer/reactive/LoadBalancerCommand$Builder
instanceKlass com/netflix/loadbalancer/reactive/LoadBalancerCommand
instanceKlass java/util/AbstractMap$SimpleEntry
instanceKlass com/google/common/collect/AbstractMapBasedMultimap$WrappedCollection$WrappedIterator
instanceKlass com/netflix/client/http/CaseInsensitiveMultiMap
instanceKlass com/netflix/client/http/HttpRequest$Builder
instanceKlass com/netflix/client/http/HttpHeaders
instanceKlass com/netflix/hystrix/AbstractCommand$DeprecatedOnRunHookApplication
instanceKlass com/netflix/hystrix/AbstractCommand$ExecutionHookApplication
instanceKlass com/netflix/hystrix/HystrixCommand$1
instanceKlass com/netflix/hystrix/Hystrix$2
instanceKlass com/netflix/hystrix/Hystrix$ConcurrentStack$Node
instanceKlass com/netflix/hystrix/Hystrix$ConcurrentStack
instanceKlass com/netflix/hystrix/metric/HystrixCommandEvent$2
instanceKlass com/netflix/hystrix/metric/HystrixCommandEvent$1
instanceKlass com/netflix/hystrix/metric/HystrixCommandEvent
instanceKlass com/netflix/hystrix/metric/HystrixEvent
instanceKlass rx/observers/Observers$1
instanceKlass rx/observers/Observers
instanceKlass rx/BackpressureOverflow$DropLatest
instanceKlass rx/BackpressureOverflow$DropOldest
instanceKlass rx/BackpressureOverflow$Error
instanceKlass rx/BackpressureOverflow$Strategy
instanceKlass rx/BackpressureOverflow
instanceKlass rx/internal/operators/OperatorOnBackpressureBuffer$Holder
instanceKlass rx/internal/util/BackpressureDrainManager$BackpressureQueueCallback
instanceKlass rx/internal/operators/OperatorOnBackpressureBuffer
instanceKlass com/netflix/hystrix/metric/HystrixThreadEventStream$4
instanceKlass com/netflix/hystrix/metric/HystrixThreadEventStream$3
